<?xml version="1.0" encoding="UTF-8"?>
<!-- Generated by org.testng.reporters.JUnitXMLReporter -->
<testsuite hostname="LITU" name="Default test" tests="9" failures="0" timestamp="5 Dec 2018 16:01:30 GMT" time="0.5" errors="0">
  <testcase name="@BeforeTest Lunch_Verify" time="0.0" classname="com.pagelibrary.ranford.TestExecution">
    <failure type="org.testng.TestNGException" message="
Parameter &amp;apos;MyBrowser&amp;apos; is required by @Configuration on method Lunch_Verify but has not been marked @Optional or defined
in C:\Users\Manoj Kumar\AppData\Local\Temp\testng-eclipse--1491683362\testng-customsuite.xml">
      <![CDATA[org.testng.TestNGException: 
Parameter 'MyBrowser' is required by @Configuration on method Lunch_Verify but has not been marked @Optional or defined
in C:\Users\Manoj Kumar\AppData\Local\Temp\testng-eclipse--1491683362\testng-customsuite.xml
	at org.testng.internal.Parameters.createParameters(Parameters.java:154)
	at org.testng.internal.Parameters.createParameters(Parameters.java:361)
	at org.testng.internal.Parameters.createConfigurationParameters(Parameters.java:84)
	at org.testng.internal.Invoker.invokeConfigurations(Invoker.java:197)
	at org.testng.internal.Invoker.invokeConfigurations(Invoker.java:138)
	at org.testng.TestRunner.beforeRun(TestRunner.java:648)
	at org.testng.TestRunner.run(TestRunner.java:616)
	at org.testng.SuiteRunner.runTest(SuiteRunner.java:359)
	at org.testng.SuiteRunner.runSequentially(SuiteRunner.java:354)
	at org.testng.SuiteRunner.privateRun(SuiteRunner.java:312)
	at org.testng.SuiteRunner.run(SuiteRunner.java:261)
	at org.testng.SuiteRunnerWorker.runSuite(SuiteRunnerWorker.java:52)
	at org.testng.SuiteRunnerWorker.run(SuiteRunnerWorker.java:86)
	at org.testng.TestNG.runSuitesSequentially(TestNG.java:1215)
	at org.testng.TestNG.runSuitesLocally(TestNG.java:1140)
	at org.testng.TestNG.run(TestNG.java:1048)
	at org.testng.remote.AbstractRemoteTestNG.run(AbstractRemoteTestNG.java:114)
	at org.testng.remote.RemoteTestNG.initAndRun(RemoteTestNG.java:251)
	at org.testng.remote.RemoteTestNG.main(RemoteTestNG.java:77)
]]>
    </failure>
  </testcase> <!-- @BeforeTest Lunch_Verify -->
  <testcase name="Login_Verify" time="0.015" classname="com.pagelibrary.ranford.TestExecution">
    <skipped/>
  </testcase> <!-- Login_Verify -->
  <testcase name="Branches_Verify" time="0.002" classname="com.pagelibrary.ranford.TestExecution">
    <skipped/>
  </testcase> <!-- Branches_Verify -->
  <testcase name="verifybranchwrite" time="0.002" classname="com.pagelibrary.ranford.TestExecution">
    <skipped/>
  </testcase> <!-- verifybranchwrite -->
  <testcase name="Roles_Verify" time="0.002" classname="com.pagelibrary.ranford.TestExecution">
    <skipped/>
  </testcase> <!-- Roles_Verify -->
  <testcase name="verifyroleswrite" time="0.001" classname="com.pagelibrary.ranford.TestExecution">
    <skipped/>
  </testcase> <!-- verifyroleswrite -->
  <testcase name="Employee_Verify" time="0.007" classname="com.pagelibrary.ranford.TestExecution">
    <skipped/>
  </testcase> <!-- Employee_Verify -->
  <testcase name="verifyemployeewrite" time="0.005" classname="com.pagelibrary.ranford.TestExecution">
    <skipped/>
  </testcase> <!-- verifyemployeewrite -->
  <testcase name="WebTableBranch_verify" time="0.007" classname="com.pagelibrary.ranford.TestExecution">
    <skipped/>
  </testcase> <!-- WebTableBranch_verify -->
  <testcase name="WebTableRole_verify" time="0.001" classname="com.pagelibrary.ranford.TestExecution">
    <skipped/>
  </testcase> <!-- WebTableRole_verify -->
</testsuite> <!-- Default test -->
